Using pre-set license
Built from '2020.3/staging' branch; Version is '2020.3.30f1 (1fb1bf06830e) revision 2077119'; Using compiler version '192528614'; Build Type 'Release'
OS: 'Windows 10  (10.0.18363) 64bit Core' Language: 'en' Physical Memory: 14267 MB
BatchMode: 1, IsHumanControllingUs: 0, StartBugReporterOnCrash: 0, Is64bit: 1, IsPro: 0

COMMAND LINE ARGUMENTS:
C:\Program Files\Unity\Hub\Editor\2020.3.30f1\Editor\Unity.exe
-adb2
-batchMode
-noUpm
-name
AssetImportWorker0
-projectPath
E:/Tugas Kuliah/PortofilioAR/ARSatu/GameLentera
-logFile
Logs/AssetImportWorker0.log
-srvPort
63377
Successfully changed project path to: E:/Tugas Kuliah/PortofilioAR/ARSatu/GameLentera
E:/Tugas Kuliah/PortofilioAR/ARSatu/GameLentera
Using Asset Import Pipeline V2.
Refreshing native plugins compatible for Editor in 65.51 ms, found 3 plugins.
Preloading 0 native plugins for Editor in 0.00 ms.
Initialize engine version: 2020.3.30f1 (1fb1bf06830e)
[Subsystems] Discovering subsystems at path C:/Program Files/Unity/Hub/Editor/2020.3.30f1/Editor/Data/Resources/UnitySubsystems
[Subsystems] Discovering subsystems at path E:/Tugas Kuliah/PortofilioAR/ARSatu/GameLentera/Assets
GfxDevice: creating device client; threaded=0
Direct3D:
    Version:  Direct3D 11.0 [level 11.1]
    Renderer: NVIDIA GeForce GTX 1660 Ti (ID=0x2191)
    Vendor:   
    VRAM:     5991 MB
    Driver:   26.21.14.3187
Initialize mono
Mono path[0] = 'C:/Program Files/Unity/Hub/Editor/2020.3.30f1/Editor/Data/Managed'
Mono path[1] = 'C:/Program Files/Unity/Hub/Editor/2020.3.30f1/Editor/Data/MonoBleedingEdge/lib/mono/unityjit'
Mono config path = 'C:/Program Files/Unity/Hub/Editor/2020.3.30f1/Editor/Data/MonoBleedingEdge/etc'
Using monoOptions --debugger-agent=transport=dt_socket,embedding=1,server=y,suspend=n,address=127.0.0.1:56032
Begin MonoManager ReloadAssembly
Registering precompiled unity dll's ...
Register platform support module: C:/Program Files/Unity/Hub/Editor/2020.3.30f1/Editor/Data/PlaybackEngines/WindowsStandaloneSupport/UnityEditor.WindowsStandalone.Extensions.dll
Registered in 0.004153 seconds.
Native extension for WindowsStandalone target not found
Refreshing native plugins compatible for Editor in 52.13 ms, found 3 plugins.
Preloading 0 native plugins for Editor in 0.00 ms.
Mono: successfully reloaded assembly
- Completed reload, in  0.926 seconds
Domain Reload Profiling:
	ReloadAssembly (926ms)
		BeginReloadAssembly (99ms)
			ExecutionOrderSort (0ms)
			DisableScriptedObjects (0ms)
			BackupInstance (0ms)
			ReleaseScriptingObjects (0ms)
			CreateAndSetChildDomain (1ms)
		EndReloadAssembly (684ms)
			LoadAssemblies (96ms)
			RebuildTransferFunctionScriptingTraits (0ms)
			SetupTypeCache (242ms)
			ReleaseScriptCaches (0ms)
			RebuildScriptCaches (48ms)
			SetupLoadedEditorAssemblies (250ms)
				LogAssemblyErrors (0ms)
				InitializePlatformSupportModulesInManaged (5ms)
				SetLoadedEditorAssemblies (0ms)
				RefreshPlugins (52ms)
				BeforeProcessingInitializeOnLoad (20ms)
				ProcessInitializeOnLoadAttributes (111ms)
				ProcessInitializeOnLoadMethodAttributes (60ms)
				AfterProcessingInitializeOnLoad (0ms)
				EditorAssembliesLoaded (1ms)
			ExecutionOrderSort2 (0ms)
			AwakeInstancesAfterBackupRestoration (0ms)
Platform modules already initialized, skipping
Registering precompiled user dll's ...
Registered in 0.004877 seconds.
Begin MonoManager ReloadAssembly
Native extension for WindowsStandalone target not found
Refreshing native plugins compatible for Editor in 59.33 ms, found 3 plugins.
Preloading 0 native plugins for Editor in 0.00 ms.
Mono: successfully reloaded assembly
- Completed reload, in  1.664 seconds
Domain Reload Profiling:
	ReloadAssembly (1666ms)
		BeginReloadAssembly (295ms)
			ExecutionOrderSort (0ms)
			DisableScriptedObjects (9ms)
			BackupInstance (0ms)
			ReleaseScriptingObjects (0ms)
			CreateAndSetChildDomain (36ms)
		EndReloadAssembly (1271ms)
			LoadAssemblies (164ms)
			RebuildTransferFunctionScriptingTraits (0ms)
			SetupTypeCache (406ms)
			ReleaseScriptCaches (1ms)
			RebuildScriptCaches (58ms)
			SetupLoadedEditorAssemblies (495ms)
				LogAssemblyErrors (0ms)
				InitializePlatformSupportModulesInManaged (5ms)
				SetLoadedEditorAssemblies (0ms)
				RefreshPlugins (59ms)
				BeforeProcessingInitializeOnLoad (100ms)
				ProcessInitializeOnLoadAttributes (293ms)
				ProcessInitializeOnLoadMethodAttributes (25ms)
				AfterProcessingInitializeOnLoad (12ms)
				EditorAssembliesLoaded (0ms)
			ExecutionOrderSort2 (0ms)
			AwakeInstancesAfterBackupRestoration (8ms)
Platform modules already initialized, skipping
========================================================================
Worker process is ready to serve import requests
Launched and connected shader compiler UnityShaderCompiler.exe after 0.09 seconds
Refreshing native plugins compatible for Editor in 0.66 ms, found 3 plugins.
Preloading 0 native plugins for Editor in 0.00 ms.
Unloading 2196 Unused Serialized files (Serialized files now loaded: 0)
System memory in use before: 96.1 MB.
System memory in use after: 96.0 MB.

Unloading 31 unused Assets to reduce memory usage. Loaded Objects now: 2626.
Total: 4.712000 ms (FindLiveObjects: 0.282100 ms CreateObjectMapping: 0.093400 ms MarkObjects: 4.162500 ms  DeleteObjects: 0.172300 ms)

AssetImportParameters requested are different than current active one (requested -> active):
  custom:framework-win-MediaFoundation: 216162199b28c13a410421893ffa2e32 -> 
  custom:video-decoder-ogg-theora: a1e56fd34408186e4bbccfd4996cb3dc -> 
  custom:container-muxer-webm: aa71ff27fc2769a1b78a27578f13a17b -> 
  custom:container-demuxer-webm: 4f35f7cbe854078d1ac9338744f61a02 -> 
  custom:container-demuxer-ogg: 62fdf1f143b41e24485cea50d1cbac27 -> 
  custom:video-encoder-webm-vp8: eb34c28f22e8b96e1ab97ce403110664 -> 
  custom:video-codec-MediaFoundation-h265: 746d11721c4dcdbdad8f713fa42b33f4 -> 
  custom:video-decoder-webm-vp8: 9c59270c3fd7afecdb556c50c9e8de78 -> 
  custom:audio-decoder-ogg-vorbis: bf7c407c2cedff20999df2af8eb42d56 -> 
  custom:audio-encoder-webm-vorbis: bf7c407c2cedff20999df2af8eb42d56 -> 
========================================================================
Received Import Request.
  path: Assets/Fantasy Dreamland - Tilemap (free)/RPG Maker MV,MZ/FD_Free_Tiles.png
  artifactKey: Guid(bc0442ef4f99d0743a24442c664cfad9) Importer(815301076,1909f56bfc062723c751e8b465ee728b)
Start importing Assets/Fantasy Dreamland - Tilemap (free)/RPG Maker MV,MZ/FD_Free_Tiles.png using Guid(bc0442ef4f99d0743a24442c664cfad9) Importer(815301076,1909f56bfc062723c751e8b465ee728b)  -> (artifact id: '3833c03ec779b407517bb2dccfc81427') in 0.244380 seconds 
========================================================================
Received Import Request.
  Time since last request: 0.000636 seconds.
  path: Assets/Fantasy Dreamland - Tilemap (free)/RPG Maker MV,MZ
  artifactKey: Guid(b8f148e19ad3f6e4282c68bbccc4c89f) Importer(815301076,1909f56bfc062723c751e8b465ee728b)
Start importing Assets/Fantasy Dreamland - Tilemap (free)/RPG Maker MV,MZ using Guid(b8f148e19ad3f6e4282c68bbccc4c89f) Importer(815301076,1909f56bfc062723c751e8b465ee728b)  -> (artifact id: 'e90a850fbbd067831797a69f42a858de') in 0.004563 seconds 
========================================================================
Received Import Request.
  Time since last request: 0.000529 seconds.
  path: Assets/Fantasy Dreamland - Tilemap (free)
  artifactKey: Guid(53009f94bca128b45ae5f04f7b0ac136) Importer(815301076,1909f56bfc062723c751e8b465ee728b)
Start importing Assets/Fantasy Dreamland - Tilemap (free) using Guid(53009f94bca128b45ae5f04f7b0ac136) Importer(815301076,1909f56bfc062723c751e8b465ee728b)  -> (artifact id: '18072efc5759c6d5fccf2319490c8057') in 0.005081 seconds 
========================================================================
Received Import Request.
  Time since last request: 232.921279 seconds.
  path: Assets/Fantasy Dreamland - Tilemap (free)/RPG Maker MV,MZ/FD_Free_Tiles.png
  artifactKey: Guid(bc0442ef4f99d0743a24442c664cfad9) Importer(815301076,1909f56bfc062723c751e8b465ee728b)
Start importing Assets/Fantasy Dreamland - Tilemap (free)/RPG Maker MV,MZ/FD_Free_Tiles.png using Guid(bc0442ef4f99d0743a24442c664cfad9) Importer(815301076,1909f56bfc062723c751e8b465ee728b)  -> (artifact id: 'c0038a73005baba100fe7d1bb7a8c1fd') in 0.076646 seconds 
========================================================================
Received Import Request.
  Time since last request: 25.212295 seconds.
  path: Assets/Fantasy Dreamland - Tilemap (free)/RPG Maker MV,MZ/FD_Free_Tiles.png
  artifactKey: Guid(bc0442ef4f99d0743a24442c664cfad9) Importer(815301076,1909f56bfc062723c751e8b465ee728b)
Start importing Assets/Fantasy Dreamland - Tilemap (free)/RPG Maker MV,MZ/FD_Free_Tiles.png using Guid(bc0442ef4f99d0743a24442c664cfad9) Importer(815301076,1909f56bfc062723c751e8b465ee728b)  -> (artifact id: '7901529d8e515177cd87ad52f714613e') in 0.020146 seconds 
========================================================================
Received Import Request.
  Time since last request: 25.336022 seconds.
  path: Assets/Fantasy Dreamland - Tilemap (free)/RPG Maker MV,MZ/FD_Free_Tiles.png
  artifactKey: Guid(bc0442ef4f99d0743a24442c664cfad9) Importer(815301076,1909f56bfc062723c751e8b465ee728b)
Start importing Assets/Fantasy Dreamland - Tilemap (free)/RPG Maker MV,MZ/FD_Free_Tiles.png using Guid(bc0442ef4f99d0743a24442c664cfad9) Importer(815301076,1909f56bfc062723c751e8b465ee728b)  -> (artifact id: '37d58cdb7d1a41a3d2048e47fcdad0d1') in 0.032587 seconds 
========================================================================
Received Import Request.
  Time since last request: 21.959393 seconds.
  path: Assets/Fantasy Dreamland - Tilemap (free)/RPG Maker MV,MZ/FD_Free_Tiles.png
  artifactKey: Guid(bc0442ef4f99d0743a24442c664cfad9) Importer(815301076,1909f56bfc062723c751e8b465ee728b)
Start importing Assets/Fantasy Dreamland - Tilemap (free)/RPG Maker MV,MZ/FD_Free_Tiles.png using Guid(bc0442ef4f99d0743a24442c664cfad9) Importer(815301076,1909f56bfc062723c751e8b465ee728b)  -> (artifact id: '921f1b458d8902dfd0c674ce27515d4f') in 0.016875 seconds 
========================================================================
Received Import Request.
  Time since last request: 36.222867 seconds.
  path: Assets/Fantasy Dreamland - Tilemap (free)/RPG Maker MV,MZ/FD_Free_Tiles.png
  artifactKey: Guid(bc0442ef4f99d0743a24442c664cfad9) Importer(815301076,1909f56bfc062723c751e8b465ee728b)
Start importing Assets/Fantasy Dreamland - Tilemap (free)/RPG Maker MV,MZ/FD_Free_Tiles.png using Guid(bc0442ef4f99d0743a24442c664cfad9) Importer(815301076,1909f56bfc062723c751e8b465ee728b)  -> (artifact id: 'd74dc79ad186abb6fb79eef0227471fa') in 0.028126 seconds 
========================================================================
Received Import Request.
  Time since last request: 27.396346 seconds.
  path: Assets/Fantasy Dreamland - Tilemap (free)/RPG Maker MV,MZ/FD_Free_Tiles.png
  artifactKey: Guid(bc0442ef4f99d0743a24442c664cfad9) Importer(815301076,1909f56bfc062723c751e8b465ee728b)
Start importing Assets/Fantasy Dreamland - Tilemap (free)/RPG Maker MV,MZ/FD_Free_Tiles.png using Guid(bc0442ef4f99d0743a24442c664cfad9) Importer(815301076,1909f56bfc062723c751e8b465ee728b)  -> (artifact id: 'f3c885a7c75aeac7623429346097eb4d') in 0.017190 seconds 
========================================================================
Received Import Request.
  Time since last request: 63.504706 seconds.
  path: Assets/Fantasy Dreamland - Tilemap (free)/RPG Maker MV,MZ/FD_Free_Tiles.png
  artifactKey: Guid(bc0442ef4f99d0743a24442c664cfad9) Importer(815301076,1909f56bfc062723c751e8b465ee728b)
Start importing Assets/Fantasy Dreamland - Tilemap (free)/RPG Maker MV,MZ/FD_Free_Tiles.png using Guid(bc0442ef4f99d0743a24442c664cfad9) Importer(815301076,1909f56bfc062723c751e8b465ee728b)  -> (artifact id: '6d30ace1aaa07775056f8594ab72345f') in 0.013383 seconds 
========================================================================
Received Import Request.
  Time since last request: 29.445345 seconds.
  path: Assets/Fantasy Dreamland - Tilemap (free)/RPG Maker MV,MZ/FD_Free_Tiles.png
  artifactKey: Guid(bc0442ef4f99d0743a24442c664cfad9) Importer(815301076,1909f56bfc062723c751e8b465ee728b)
Start importing Assets/Fantasy Dreamland - Tilemap (free)/RPG Maker MV,MZ/FD_Free_Tiles.png using Guid(bc0442ef4f99d0743a24442c664cfad9) Importer(815301076,1909f56bfc062723c751e8b465ee728b)  -> (artifact id: '2ebdcda6f39df27f5b0c26ed065853c5') in 0.031165 seconds 
========================================================================
Received Import Request.
  Time since last request: 9.825290 seconds.
  path: Assets/Fantasy Dreamland - Tilemap (free)/RPG Maker MV,MZ/FD_Free_Tiles.png
  artifactKey: Guid(bc0442ef4f99d0743a24442c664cfad9) Importer(815301076,1909f56bfc062723c751e8b465ee728b)
Start importing Assets/Fantasy Dreamland - Tilemap (free)/RPG Maker MV,MZ/FD_Free_Tiles.png using Guid(bc0442ef4f99d0743a24442c664cfad9) Importer(815301076,1909f56bfc062723c751e8b465ee728b)  -> (artifact id: '33c3fcc69d95009b8311c3195f7533d0') in 0.023097 seconds 
========================================================================
Received Import Request.
  Time since last request: 29.670219 seconds.
  path: Assets/Fantasy Dreamland - Tilemap (free)/RPG Maker MV,MZ/FD_Free_Tiles.png
  artifactKey: Guid(bc0442ef4f99d0743a24442c664cfad9) Importer(815301076,1909f56bfc062723c751e8b465ee728b)
Start importing Assets/Fantasy Dreamland - Tilemap (free)/RPG Maker MV,MZ/FD_Free_Tiles.png using Guid(bc0442ef4f99d0743a24442c664cfad9) Importer(815301076,1909f56bfc062723c751e8b465ee728b)  -> (artifact id: '6610eb054befaac792cb3c3ae70b3dc9') in 0.016978 seconds 
========================================================================
Received Import Request.
  Time since last request: 18.723945 seconds.
  path: Assets/Fantasy Dreamland - Tilemap (free)/RPG Maker MV,MZ/FD_Free_Tiles.png
  artifactKey: Guid(bc0442ef4f99d0743a24442c664cfad9) Importer(815301076,1909f56bfc062723c751e8b465ee728b)
Start importing Assets/Fantasy Dreamland - Tilemap (free)/RPG Maker MV,MZ/FD_Free_Tiles.png using Guid(bc0442ef4f99d0743a24442c664cfad9) Importer(815301076,1909f56bfc062723c751e8b465ee728b)  -> (artifact id: '0217ad6c8047c6fd71ab15ffa8eb14dd') in 0.020497 seconds 
========================================================================
Received Import Request.
  Time since last request: 39.355396 seconds.
  path: Assets/Fantasy Dreamland - Tilemap (free)/RPG Maker MV,MZ/FD_Free_Tiles.png
  artifactKey: Guid(bc0442ef4f99d0743a24442c664cfad9) Importer(815301076,1909f56bfc062723c751e8b465ee728b)
Start importing Assets/Fantasy Dreamland - Tilemap (free)/RPG Maker MV,MZ/FD_Free_Tiles.png using Guid(bc0442ef4f99d0743a24442c664cfad9) Importer(815301076,1909f56bfc062723c751e8b465ee728b)  -> (artifact id: 'beb05ed005c56be4c301cb001f99d7e3') in 0.014178 seconds 
========================================================================
Received Import Request.
  Time since last request: 23.480185 seconds.
  path: Assets/Fantasy Dreamland - Tilemap (free)/RPG Maker MV,MZ/FD_Free_Tiles.png
  artifactKey: Guid(bc0442ef4f99d0743a24442c664cfad9) Importer(815301076,1909f56bfc062723c751e8b465ee728b)
Start importing Assets/Fantasy Dreamland - Tilemap (free)/RPG Maker MV,MZ/FD_Free_Tiles.png using Guid(bc0442ef4f99d0743a24442c664cfad9) Importer(815301076,1909f56bfc062723c751e8b465ee728b)  -> (artifact id: 'dc675a5e25c87a1af2c2a00d82eb07b7') in 0.010755 seconds 
========================================================================
Received Import Request.
  Time since last request: 40.494956 seconds.
  path: Assets/Fantasy Dreamland - Tilemap (free)/RPG Maker MV,MZ/FD_Free_Tiles.png
  artifactKey: Guid(bc0442ef4f99d0743a24442c664cfad9) Importer(815301076,1909f56bfc062723c751e8b465ee728b)
Start importing Assets/Fantasy Dreamland - Tilemap (free)/RPG Maker MV,MZ/FD_Free_Tiles.png using Guid(bc0442ef4f99d0743a24442c664cfad9) Importer(815301076,1909f56bfc062723c751e8b465ee728b)  -> (artifact id: 'f362bf6a100e2be7e38eaf9ee61866c2') in 0.177502 seconds 
AssetImportWorkerClient::OnTransportError - code=2 error=End of file
